[ 2015-12-10T15:36:51+08:00 ] ::1 /thinkphp/index.php/Home/User/four
INFO: [ app_init ] --START--
INFO: Run Behavior\BuildLiteBehavior [ RunTime:0.000023s ]
INFO: [ app_init ] --END-- [ RunTime:0.000446s ]
INFO: [ app_begin ] --START--
INFO: Run Behavior\ReadHtmlCacheBehavior [ RunTime:0.000532s ]
INFO: [ app_begin ] --END-- [ RunTime:0.000660s ]

[ 2015-12-10T15:36:52+08:00 ] ::1 /thinkphp/index.php/Home/User/four
INFO: [ app_init ] --START--
INFO: Run Behavior\BuildLiteBehavior [ RunTime:0.000055s ]
INFO: [ app_init ] --END-- [ RunTime:0.000976s ]
INFO: [ app_begin ] --START--
INFO: Run Behavior\ReadHtmlCacheBehavior [ RunTime:0.001111s ]
INFO: [ app_begin ] --END-- [ RunTime:0.001353s ]

[ 2015-12-10T15:37:02+08:00 ] ::1 /thinkphp/index.php/Home/User/five/id/2
INFO: [ app_init ] --START--
INFO: Run Behavior\BuildLiteBehavior [ RunTime:0.000022s ]
INFO: [ app_init ] --END-- [ RunTime:0.000398s ]
INFO: [ app_begin ] --START--
INFO: Run Behavior\ReadHtmlCacheBehavior [ RunTime:0.000453s ]
INFO: [ app_begin ] --END-- [ RunTime:0.000547s ]
NOTIC: [2] Missing argument 1 for I(), called in F:\wamp\www\thinkphp\Application\Home\Controller\UserController.class.php on line 40 and defined F:\wamp\www\thinkphp\ThinkPHP\Common\functions.php 第 271 行.
NOTIC: [8] Undefined variable: name F:\wamp\www\thinkphp\ThinkPHP\Common\functions.php 第 273 行.
NOTIC: [8] Undefined variable: name F:\wamp\www\thinkphp\ThinkPHP\Common\functions.php 第 278 行.
NOTIC: [8] Undefined variable: name F:\wamp\www\thinkphp\ThinkPHP\Common\functions.php 第 339 行.
INFO: [ app_end ] --START--
INFO: Run Behavior\ShowPageTraceBehavior [ RunTime:0.000580s ]
INFO: [ app_end ] --END-- [ RunTime:0.000704s ]

